<?xml version="1.0" encoding="UTF-8"?>
<testng-results skipped="0" failed="0" ignored="0" total="1" passed="1">
  <reporter-output>
  </reporter-output>
  <suite name="Suite" duration-ms="14618" started-at="2021-09-18T17:07:04 IST" finished-at="2021-09-18T17:07:18 IST">
    <groups>
    </groups>
    <test name="Test" duration-ms="14618" started-at="2021-09-18T17:07:04 IST" finished-at="2021-09-18T17:07:18 IST">
      <class name="selenium.Edit">
        <test-method status="PASS" signature="email()[pri:0, instance:selenium.Edit@a67c67e]" name="email" duration-ms="14564" started-at="2021-09-18T17:07:04 IST" finished-at="2021-09-18T17:07:18 IST">
          <reporter-output>
          </reporter-output>
        </test-method> <!-- email -->
      </class> <!-- selenium.Edit -->
    </test> <!-- Test -->
  </suite> <!-- Suite -->
</testng-results>
