<?xml version="1.0" encoding="UTF-8"?>
<testng-results skipped="0" failed="0" ignored="0" total="1" passed="1">
  <reporter-output>
  </reporter-output>
  <suite name="Default suite" duration-ms="11874" started-at="2021-09-28T10:39:56 IST" finished-at="2021-09-28T10:40:08 IST">
    <groups>
    </groups>
    <test name="Default test" duration-ms="11874" started-at="2021-09-28T10:39:56 IST" finished-at="2021-09-28T10:40:08 IST">
      <class name="selenium.AdvanceWebTable">
        <test-method status="PASS" signature="webtable()[pri:0, instance:selenium.AdvanceWebTable@34c4973]" name="webtable" duration-ms="11823" started-at="2021-09-28T10:39:56 IST" finished-at="2021-09-28T10:40:08 IST">
          <reporter-output>
          </reporter-output>
        </test-method> <!-- webtable -->
      </class> <!-- selenium.AdvanceWebTable -->
    </test> <!-- Default test -->
  </suite> <!-- Default suite -->
</testng-results>
